<!DOCTYPE html PUBLIC "-//W3C//DTD XHTML 1.1//EN" "http://www.w3.org/TR/xhtml11/DTD/xhtml11.dtd">
<html xmlns="http://www.w3.org/1999/xhtml"><head><title>TestNG Report</title><style type="text/css">table {margin-bottom:10px;border-collapse:collapse;empty-cells:show}th,td {border:1px solid #009;padding:.25em .5em}th {vertical-align:bottom}td {vertical-align:top}table a {font-weight:bold}.stripe td {background-color: #E6EBF9}.num {text-align:right}.passedodd td {background-color: #3F3}.passedeven td {background-color: #0A0}.skippedodd td {background-color: #DDD}.skippedeven td {background-color: #CCC}.failedodd td,.attn {background-color: #F33}.failedeven td,.stripe .attn {background-color: #D00}.stacktrace {white-space:pre;font-family:monospace}.totop {font-size:85%;text-align:center;border-bottom:2px solid #000}</style></head><body><table><tr><th>Test</th><th># Passed</th><th># Skipped</th><th># Failed</th><th>Time (ms)</th><th>Included Groups</th><th>Excluded Groups</th></tr><tr><th colspan="7">Suite</th></tr><tr><td><a href="#t0">NameOFTest</a></td><td class="num">0</td><td class="num attn">19</td><td class="num attn">1</td><td class="num">12,842</td><td></td><td></td></tr></table><table><thead><tr><th>Class</th><th>Method</th><th>Start</th><th>Time (ms)</th></tr></thead><tbody><tr><th colspan="4">Suite</th></tr></tbody><tbody id="t0"><tr><th colspan="4">NameOFTest &#8212; failed (configuration methods)</th></tr><tr class="failedeven"><td rowspan="1">Tests.LoginDomikTests</td><td><a href="#m0">setupClass</a></td><td rowspan="1">1545817220675</td><td rowspan="1">0</td></tr><tr class="failedodd"><td rowspan="1">Tests.MenuItemsTests</td><td><a href="#m1">setupClass</a></td><td rowspan="1">1545817223079</td><td rowspan="1">0</td></tr><tr><th colspan="4">NameOFTest &#8212; failed</th></tr><tr class="failedeven"><td rowspan="1">Tests.CreateNewFolderTest</td><td><a href="#m2">createFolder</a></td><td rowspan="1">1545817219817</td><td rowspan="1">723</td></tr><tr><th colspan="4">NameOFTest &#8212; skipped (configuration methods)</th></tr><tr class="skippedeven"><td rowspan="8">Tests.LoginDomikTests</td><td><a href="#m3">preCondition</a></td><td rowspan="7">1545817223078</td><td rowspan="7">0</td></tr><tr class="skippedeven"><td><a href="#m4">preCondition</a></td></tr><tr class="skippedeven"><td><a href="#m5">preCondition</a></td></tr><tr class="skippedeven"><td><a href="#m6">preCondition</a></td></tr><tr class="skippedeven"><td><a href="#m7">preCondition</a></td></tr><tr class="skippedeven"><td><a href="#m8">preCondition</a></td></tr><tr class="skippedeven"><td><a href="#m9">preCondition</a></td></tr><tr class="skippedeven"><td><a href="#m10">tearDown</a></td><td rowspan="1">1545817223079</td><td rowspan="1">0</td></tr><tr class="skippedodd"><td rowspan="8">Tests.MenuItemsTests</td><td><a href="#m11">beforeTest</a></td><td rowspan="7">1545817225083</td><td rowspan="7">0</td></tr><tr class="skippedodd"><td><a href="#m12">beforeTest</a></td></tr><tr class="skippedodd"><td><a href="#m13">beforeTest</a></td></tr><tr class="skippedodd"><td><a href="#m14">beforeTest</a></td></tr><tr class="skippedodd"><td><a href="#m15">beforeTest</a></td></tr><tr class="skippedodd"><td><a href="#m16">beforeTest</a></td></tr><tr class="skippedodd"><td><a href="#m17">beforeTest</a></td></tr><tr class="skippedodd"><td><a href="#m18">tearDown</a></td><td rowspan="1">1545817225086</td><td rowspan="1">0</td></tr><tr><th colspan="4">NameOFTest &#8212; skipped</th></tr><tr class="skippedeven"><td rowspan="5">Tests.CreateNewFolderTest</td><td><a href="#m19">clearTrash</a></td><td rowspan="1">1545817220545</td><td rowspan="1">0</td></tr><tr class="skippedeven"><td><a href="#m20">createNewWordDock</a></td><td rowspan="1">1545817220544</td><td rowspan="1">0</td></tr><tr class="skippedeven"><td><a href="#m21">deleteDock</a></td><td rowspan="1">1545817220545</td><td rowspan="1">0</td></tr><tr class="skippedeven"><td><a href="#m22">reopenFile</a></td><td rowspan="1">1545817220545</td><td rowspan="1">0</td></tr><tr class="skippedeven"><td><a href="#m23">visitToFolder</a></td><td rowspan="1">1545817220543</td><td rowspan="1">0</td></tr><tr class="skippedodd"><td rowspan="7">Tests.LoginDomikTests</td><td><a href="#m24">allFieldsEmpty</a></td><td rowspan="1">1545817223076</td><td rowspan="1">0</td></tr><tr class="skippedodd"><td><a href="#m25">checkedCheckboxDisplayed</a></td><td rowspan="1">1545817223077</td><td rowspan="1">0</td></tr><tr class="skippedodd"><td><a href="#m26">invalidLoginAndPassword</a></td><td rowspan="1">1545817223077</td><td rowspan="1">0</td></tr><tr class="skippedodd"><td><a href="#m27">validLoginAndInvalidPassword</a></td><td rowspan="1">1545817223078</td><td rowspan="1">0</td></tr><tr class="skippedodd"><td><a href="#m28">validLoginAndemptyPassword</a></td><td rowspan="1">1545817223078</td><td rowspan="1">0</td></tr><tr class="skippedodd"><td><a href="#m29">validPasswordAndemptyLogin</a></td><td rowspan="1">1545817223078</td><td rowspan="1">0</td></tr><tr class="skippedodd"><td><a href="#m30">validValues</a></td><td rowspan="1">1545817223079</td><td rowspan="1">0</td></tr><tr class="skippedeven"><td rowspan="7">Tests.MenuItemsTests</td><td><a href="#m31">checkDriveTabs</a></td><td rowspan="6">1545817225085</td><td rowspan="6">0</td></tr><tr class="skippedeven"><td><a href="#m32">checkDriveTabs</a></td></tr><tr class="skippedeven"><td><a href="#m33">checkDriveTabs</a></td></tr><tr class="skippedeven"><td><a href="#m34">checkDriveTabs</a></td></tr><tr class="skippedeven"><td><a href="#m35">checkDriveTabs</a></td></tr><tr class="skippedeven"><td><a href="#m36">checkDriveTabs</a></td></tr><tr class="skippedeven"><td><a href="#m37">sharedTabTest</a></td><td rowspan="1">1545817225086</td><td rowspan="1">0</td></tr></tbody></table><h2>NameOFTest</h2><h3 id="m0">Tests.LoginDomikTests#setupClass</h3><table class="result"><tr><th>Exception</th></tr><tr><td><div class="stacktrace">org.openqa.selenium.WebDriverException: chrome not reachable
  (Session info: chrome=70.0.3538.77)
  (Driver info: chromedriver=2.45.615279 (12b89733300bd268cff3b78fc76cb8f3a7cc44e5),platform=Linux 4.15.0-43-generic x86_64) (WARNING: The server did not provide any stacktrace information)
Command duration or timeout: 0 milliseconds
Build info: version: &apos;3.14.0&apos;, revision: &apos;aacccce0&apos;, time: &apos;2018-08-02T20:19:58.91Z&apos;
System info: host: &apos;sm-qa&apos;, ip: &apos;127.0.1.1&apos;, os.name: &apos;Linux&apos;, os.arch: &apos;amd64&apos;, os.version: &apos;4.15.0-43-generic&apos;, java.version: &apos;1.8.0_181&apos;
Driver info: org.openqa.selenium.chrome.ChromeDriver
Capabilities {acceptInsecureCerts: false, acceptSslCerts: false, applicationCacheEnabled: false, browserConnectionEnabled: false, browserName: chrome, chrome: {chromedriverVersion: 2.45.615279 (12b89733300bd2..., userDataDir: /tmp/.org.chromium.Chromium...}, cssSelectorsEnabled: true, databaseEnabled: false, goog:chromeOptions: {debuggerAddress: localhost:33809}, handlesAlerts: true, hasTouchScreen: false, javascriptEnabled: true, locationContextEnabled: true, mobileEmulationEnabled: false, nativeEvents: true, networkConnectionEnabled: false, pageLoadStrategy: normal, platform: LINUX, platformName: LINUX, proxy: Proxy(), rotatable: false, setWindowRect: true, strictFileInteractability: false, takesHeapSnapshot: true, takesScreenshot: true, timeouts: {implicit: 0, pageLoad: 300000, script: 30000}, unexpectedAlertBehaviour: ignore, unhandledPromptBehavior: ignore, version: 70.0.3538.77, webStorageEnabled: true}
Session ID: a502397a4b7dd4dbc25e9a3b9e53a7a4
*** Element info: {Using=xpath, value=//a[contains(@class,&apos;button_login&apos;)]}
	at org.openqa.selenium.remote.ErrorHandler.createThrowable(ErrorHandler.java:214)
	at org.openqa.selenium.remote.ErrorHandler.throwIfResponseFailed(ErrorHandler.java:166)
	at org.openqa.selenium.remote.http.JsonHttpResponseCodec.reconstructValue(JsonHttpResponseCodec.java:40)
	at org.openqa.selenium.remote.http.AbstractHttpResponseCodec.decode(AbstractHttpResponseCodec.java:80)
	at org.openqa.selenium.remote.http.AbstractHttpResponseCodec.decode(AbstractHttpResponseCodec.java:44)
	at org.openqa.selenium.remote.HttpCommandExecutor.execute(HttpCommandExecutor.java:158)
	at org.openqa.selenium.remote.service.DriverCommandExecutor.execute(DriverCommandExecutor.java:83)
	at org.openqa.selenium.remote.RemoteWebDriver.execute(RemoteWebDriver.java:548)
	at org.openqa.selenium.remote.RemoteWebDriver.findElement(RemoteWebDriver.java:322)
	at org.openqa.selenium.remote.RemoteWebDriver.findElementByXPath(RemoteWebDriver.java:424)
	at org.openqa.selenium.By$ByXPath.findElement(By.java:353)
	at org.openqa.selenium.remote.RemoteWebDriver.findElement(RemoteWebDriver.java:314)
	at Pages.LoginPage.getDiskLoginButton(LoginPage.java:53)
	at Tests.LoginDomikTests.setupClass(LoginDomikTests.java:17)
	at TestRunner.main(TestRunner.java:11)
... Removed 25 stack frames</div></td></tr></table><p class="totop"><a href="#summary">back to summary</a></p><h3 id="m1">Tests.MenuItemsTests#setupClass</h3><table class="result"><tr><th>Exception</th></tr><tr><td><div class="stacktrace">org.openqa.selenium.WebDriverException: chrome not reachable
  (Session info: chrome=70.0.3538.77)
  (Driver info: chromedriver=2.45.615279 (12b89733300bd268cff3b78fc76cb8f3a7cc44e5),platform=Linux 4.15.0-43-generic x86_64) (WARNING: The server did not provide any stacktrace information)
Command duration or timeout: 0 milliseconds
Build info: version: &apos;3.14.0&apos;, revision: &apos;aacccce0&apos;, time: &apos;2018-08-02T20:19:58.91Z&apos;
System info: host: &apos;sm-qa&apos;, ip: &apos;127.0.1.1&apos;, os.name: &apos;Linux&apos;, os.arch: &apos;amd64&apos;, os.version: &apos;4.15.0-43-generic&apos;, java.version: &apos;1.8.0_181&apos;
Driver info: org.openqa.selenium.chrome.ChromeDriver
Capabilities {acceptInsecureCerts: false, acceptSslCerts: false, applicationCacheEnabled: false, browserConnectionEnabled: false, browserName: chrome, chrome: {chromedriverVersion: 2.45.615279 (12b89733300bd2..., userDataDir: /tmp/.org.chromium.Chromium...}, cssSelectorsEnabled: true, databaseEnabled: false, goog:chromeOptions: {debuggerAddress: localhost:43667}, handlesAlerts: true, hasTouchScreen: false, javascriptEnabled: true, locationContextEnabled: true, mobileEmulationEnabled: false, nativeEvents: true, networkConnectionEnabled: false, pageLoadStrategy: normal, platform: LINUX, platformName: LINUX, proxy: Proxy(), rotatable: false, setWindowRect: true, strictFileInteractability: false, takesHeapSnapshot: true, takesScreenshot: true, timeouts: {implicit: 0, pageLoad: 300000, script: 30000}, unexpectedAlertBehaviour: ignore, unhandledPromptBehavior: ignore, version: 70.0.3538.77, webStorageEnabled: true}
Session ID: dff89ad48c283a70166694e1d48a6fb4
*** Element info: {Using=xpath, value=//a[contains(@class,&apos;button_login&apos;)]}
	at org.openqa.selenium.remote.ErrorHandler.createThrowable(ErrorHandler.java:214)
	at org.openqa.selenium.remote.ErrorHandler.throwIfResponseFailed(ErrorHandler.java:166)
	at org.openqa.selenium.remote.http.JsonHttpResponseCodec.reconstructValue(JsonHttpResponseCodec.java:40)
	at org.openqa.selenium.remote.http.AbstractHttpResponseCodec.decode(AbstractHttpResponseCodec.java:80)
	at org.openqa.selenium.remote.http.AbstractHttpResponseCodec.decode(AbstractHttpResponseCodec.java:44)
	at org.openqa.selenium.remote.HttpCommandExecutor.execute(HttpCommandExecutor.java:158)
	at org.openqa.selenium.remote.service.DriverCommandExecutor.execute(DriverCommandExecutor.java:83)
	at org.openqa.selenium.remote.RemoteWebDriver.execute(RemoteWebDriver.java:548)
	at org.openqa.selenium.remote.RemoteWebDriver.findElement(RemoteWebDriver.java:322)
	at org.openqa.selenium.remote.RemoteWebDriver.findElementByXPath(RemoteWebDriver.java:424)
	at org.openqa.selenium.By$ByXPath.findElement(By.java:353)
	at org.openqa.selenium.remote.RemoteWebDriver.findElement(RemoteWebDriver.java:314)
	at Pages.LoginPage.getDiskLoginButton(LoginPage.java:53)
	at Pages.LoginPage.login(LoginPage.java:102)
	at Tests.MenuItemsTests.setupClass(MenuItemsTests.java:27)
	at TestRunner.main(TestRunner.java:11)
... Removed 25 stack frames</div></td></tr></table><p class="totop"><a href="#summary">back to summary</a></p><h3 id="m2">Tests.CreateNewFolderTest#createFolder</h3><table class="result"><tr><th>Exception</th></tr><tr><td><div class="stacktrace">java.lang.NullPointerException
	at org.openqa.selenium.support.ui.ExpectedConditions.elementIfVisible(ExpectedConditions.java:315)
	at org.openqa.selenium.support.ui.ExpectedConditions.access$100(ExpectedConditions.java:44)
	at org.openqa.selenium.support.ui.ExpectedConditions$10.apply(ExpectedConditions.java:301)
	at org.openqa.selenium.support.ui.ExpectedConditions$10.apply(ExpectedConditions.java:298)
	at org.openqa.selenium.support.ui.ExpectedConditions$23.apply(ExpectedConditions.java:686)
	at org.openqa.selenium.support.ui.ExpectedConditions$23.apply(ExpectedConditions.java:682)
	at org.openqa.selenium.support.ui.FluentWait.until(FluentWait.java:260)
	at Pages.Base.retryingFindClick(Base.java:48)
	at Pages.Base.waitAndClick(Base.java:40)
	at Pages.DiskPage.createNewFolder(DiskPage.java:229)
	at Tests.CreateNewFolderTest.createFolder(CreateNewFolderTest.java:23)
	at TestRunner.main(TestRunner.java:11)
... Removed 21 stack frames</div></td></tr></table><p class="totop"><a href="#summary">back to summary</a></p><h3 id="m3">Tests.LoginDomikTests#preCondition</h3><table class="result"></table><p class="totop"><a href="#summary">back to summary</a></p><h3 id="m4">Tests.LoginDomikTests#preCondition</h3><table class="result"></table><p class="totop"><a href="#summary">back to summary</a></p><h3 id="m5">Tests.LoginDomikTests#preCondition</h3><table class="result"></table><p class="totop"><a href="#summary">back to summary</a></p><h3 id="m6">Tests.LoginDomikTests#preCondition</h3><table class="result"></table><p class="totop"><a href="#summary">back to summary</a></p><h3 id="m7">Tests.LoginDomikTests#preCondition</h3><table class="result"></table><p class="totop"><a href="#summary">back to summary</a></p><h3 id="m8">Tests.LoginDomikTests#preCondition</h3><table class="result"></table><p class="totop"><a href="#summary">back to summary</a></p><h3 id="m9">Tests.LoginDomikTests#preCondition</h3><table class="result"></table><p class="totop"><a href="#summary">back to summary</a></p><h3 id="m10">Tests.LoginDomikTests#tearDown</h3><table class="result"></table><p class="totop"><a href="#summary">back to summary</a></p><h3 id="m11">Tests.MenuItemsTests#beforeTest</h3><table class="result"></table><p class="totop"><a href="#summary">back to summary</a></p><h3 id="m12">Tests.MenuItemsTests#beforeTest</h3><table class="result"></table><p class="totop"><a href="#summary">back to summary</a></p><h3 id="m13">Tests.MenuItemsTests#beforeTest</h3><table class="result"></table><p class="totop"><a href="#summary">back to summary</a></p><h3 id="m14">Tests.MenuItemsTests#beforeTest</h3><table class="result"></table><p class="totop"><a href="#summary">back to summary</a></p><h3 id="m15">Tests.MenuItemsTests#beforeTest</h3><table class="result"></table><p class="totop"><a href="#summary">back to summary</a></p><h3 id="m16">Tests.MenuItemsTests#beforeTest</h3><table class="result"></table><p class="totop"><a href="#summary">back to summary</a></p><h3 id="m17">Tests.MenuItemsTests#beforeTest</h3><table class="result"></table><p class="totop"><a href="#summary">back to summary</a></p><h3 id="m18">Tests.MenuItemsTests#tearDown</h3><table class="result"></table><p class="totop"><a href="#summary">back to summary</a></p><h3 id="m19">Tests.CreateNewFolderTest#clearTrash</h3><table class="result"><tr><th>Exception</th></tr><tr><td><div class="stacktrace">java.lang.Throwable: Method CreateNewFolderTest.clearTrash()[pri:0, instance:Tests.CreateNewFolderTest@763d9750] depends on not successfully finished methods
	at TestRunner.main(TestRunner.java:11)
... Removed 14 stack frames</div></td></tr></table><p class="totop"><a href="#summary">back to summary</a></p><h3 id="m20">Tests.CreateNewFolderTest#createNewWordDock</h3><table class="result"><tr><th>Exception</th></tr><tr><td><div class="stacktrace">java.lang.Throwable: Method CreateNewFolderTest.createNewWordDock()[pri:0, instance:Tests.CreateNewFolderTest@763d9750] depends on not successfully finished methods
	at TestRunner.main(TestRunner.java:11)
... Removed 14 stack frames</div></td></tr></table><p class="totop"><a href="#summary">back to summary</a></p><h3 id="m21">Tests.CreateNewFolderTest#deleteDock</h3><table class="result"><tr><th>Exception</th></tr><tr><td><div class="stacktrace">java.lang.Throwable: Method CreateNewFolderTest.deleteDock()[pri:0, instance:Tests.CreateNewFolderTest@763d9750] depends on not successfully finished methods
	at TestRunner.main(TestRunner.java:11)
... Removed 14 stack frames</div></td></tr></table><p class="totop"><a href="#summary">back to summary</a></p><h3 id="m22">Tests.CreateNewFolderTest#reopenFile</h3><table class="result"><tr><th>Exception</th></tr><tr><td><div class="stacktrace">java.lang.Throwable: Method CreateNewFolderTest.reopenFile()[pri:0, instance:Tests.CreateNewFolderTest@763d9750] depends on not successfully finished methods
	at TestRunner.main(TestRunner.java:11)
... Removed 14 stack frames</div></td></tr></table><p class="totop"><a href="#summary">back to summary</a></p><h3 id="m23">Tests.CreateNewFolderTest#visitToFolder</h3><table class="result"><tr><th>Exception</th></tr><tr><td><div class="stacktrace">java.lang.Throwable: Method CreateNewFolderTest.visitToFolder()[pri:0, instance:Tests.CreateNewFolderTest@763d9750] depends on not successfully finished methods
	at TestRunner.main(TestRunner.java:11)
... Removed 14 stack frames</div></td></tr></table><p class="totop"><a href="#summary">back to summary</a></p><h3 id="m24">Tests.LoginDomikTests#allFieldsEmpty</h3><table class="result"></table><p class="totop"><a href="#summary">back to summary</a></p><h3 id="m25">Tests.LoginDomikTests#checkedCheckboxDisplayed</h3><table class="result"></table><p class="totop"><a href="#summary">back to summary</a></p><h3 id="m26">Tests.LoginDomikTests#invalidLoginAndPassword</h3><table class="result"></table><p class="totop"><a href="#summary">back to summary</a></p><h3 id="m27">Tests.LoginDomikTests#validLoginAndInvalidPassword</h3><table class="result"></table><p class="totop"><a href="#summary">back to summary</a></p><h3 id="m28">Tests.LoginDomikTests#validLoginAndemptyPassword</h3><table class="result"></table><p class="totop"><a href="#summary">back to summary</a></p><h3 id="m29">Tests.LoginDomikTests#validPasswordAndemptyLogin</h3><table class="result"></table><p class="totop"><a href="#summary">back to summary</a></p><h3 id="m30">Tests.LoginDomikTests#validValues</h3><table class="result"></table><p class="totop"><a href="#summary">back to summary</a></p><h3 id="m31">Tests.MenuItemsTests#checkDriveTabs</h3><table class="result"><tr class="param"><th>Parameter #1</th><th>Parameter #2</th><th>Parameter #3</th></tr><tr class="param stripe"><td>trash</td><td>trash</td><td>//div[@class=&apos;client-listing client-listing_type_trash&apos;]</td></tr></table><p class="totop"><a href="#summary">back to summary</a></p><h3 id="m32">Tests.MenuItemsTests#checkDriveTabs</h3><table class="result"><tr class="param"><th>Parameter #1</th><th>Parameter #2</th><th>Parameter #3</th></tr><tr class="param stripe"><td>journal</td><td>journal</td><td>//div[@class=&apos;journal-cluster&apos;]</td></tr></table><p class="totop"><a href="#summary">back to summary</a></p><h3 id="m33">Tests.MenuItemsTests#checkDriveTabs</h3><table class="result"><tr class="param"><th>Parameter #1</th><th>Parameter #2</th><th>Parameter #3</th></tr><tr class="param stripe"><td>photo</td><td>photo</td><td>//div[@class=&apos;page-stub page-stub_animated&apos;]</td></tr></table><p class="totop"><a href="#summary">back to summary</a></p><h3 id="m34">Tests.MenuItemsTests#checkDriveTabs</h3><table class="result"><tr class="param"><th>Parameter #1</th><th>Parameter #2</th><th>Parameter #3</th></tr><tr class="param stripe"><td>mail</td><td>mail</td><td>//div[@class=&apos;root__listing&apos;]</td></tr></table><p class="totop"><a href="#summary">back to summary</a></p><h3 id="m35">Tests.MenuItemsTests#checkDriveTabs</h3><table class="result"><tr class="param"><th>Parameter #1</th><th>Parameter #2</th><th>Parameter #3</th></tr><tr class="param stripe"><td>recent</td><td>recent</td><td>//div[@class=&apos;client-listing client-listing_type_recent&apos;]</td></tr></table><p class="totop"><a href="#summary">back to summary</a></p><h3 id="m36">Tests.MenuItemsTests#checkDriveTabs</h3><table class="result"><tr class="param"><th>Parameter #1</th><th>Parameter #2</th><th>Parameter #3</th></tr><tr class="param stripe"><td>disk</td><td>disk</td><td>//div[@class=&apos;client-listing&apos;]</td></tr></table><p class="totop"><a href="#summary">back to summary</a></p><h3 id="m37">Tests.MenuItemsTests#sharedTabTest</h3><table class="result"></table><p class="totop"><a href="#summary">back to summary</a></p></body></html>