<?xml version="1.0" encoding="UTF-8"?>
<!-- Generated by org.testng.reporters.JUnitXMLReporter -->
<testsuite hostname="sm-qa" name="NameOFTest" tests="20" failures="1" timestamp="26 Dec 2018 09:40:25 GMT" time="12.842" errors="0">
  <testcase name="@BeforeClass setupClass" time="0.0" classname="Tests.LoginDomikTests">
    <failure type="org.openqa.selenium.WebDriverException" message="chrome not reachable
  (Session info: chrome=70.0.3538.77)
  (Driver info: chromedriver=2.45.615279 (12b89733300bd268cff3b78fc76cb8f3a7cc44e5),platform=Linux 4.15.0-43-generic x86_64) (WARNING: The server did not provide any stacktrace information)
Command duration or timeout: 0 milliseconds
Build info: version: &amp;apos;3.14.0&amp;apos;, revision: &amp;apos;aacccce0&amp;apos;, time: &amp;apos;2018-08-02T20:19:58.91Z&amp;apos;
System info: host: &amp;apos;sm-qa&amp;apos;, ip: &amp;apos;127.0.1.1&amp;apos;, os.name: &amp;apos;Linux&amp;apos;, os.arch: &amp;apos;amd64&amp;apos;, os.version: &amp;apos;4.15.0-43-generic&amp;apos;, java.version: &amp;apos;1.8.0_181&amp;apos;
Driver info: org.openqa.selenium.chrome.ChromeDriver
Capabilities {acceptInsecureCerts: false, acceptSslCerts: false, applicationCacheEnabled: false, browserConnectionEnabled: false, browserName: chrome, chrome: {chromedriverVersion: 2.45.615279 (12b89733300bd2..., userDataDir: /tmp/.org.chromium.Chromium...}, cssSelectorsEnabled: true, databaseEnabled: false, goog:chromeOptions: {debuggerAddress: localhost:33809}, handlesAlerts: true, hasTouchScreen: false, javascriptEnabled: true, locationContextEnabled: true, mobileEmulationEnabled: false, nativeEvents: true, networkConnectionEnabled: false, pageLoadStrategy: normal, platform: LINUX, platformName: LINUX, proxy: Proxy(), rotatable: false, setWindowRect: true, strictFileInteractability: false, takesHeapSnapshot: true, takesScreenshot: true, timeouts: {implicit: 0, pageLoad: 300000, script: 30000}, unexpectedAlertBehaviour: ignore, unhandledPromptBehavior: ignore, version: 70.0.3538.77, webStorageEnabled: true}
Session ID: a502397a4b7dd4dbc25e9a3b9e53a7a4
*** Element info: {Using=xpath, value=//a[contains(@class,&amp;apos;button_login&amp;apos;)]}">
      <![CDATA[org.openqa.selenium.WebDriverException: chrome not reachable
  (Session info: chrome=70.0.3538.77)
  (Driver info: chromedriver=2.45.615279 (12b89733300bd268cff3b78fc76cb8f3a7cc44e5),platform=Linux 4.15.0-43-generic x86_64) (WARNING: The server did not provide any stacktrace information)
Command duration or timeout: 0 milliseconds
Build info: version: '3.14.0', revision: 'aacccce0', time: '2018-08-02T20:19:58.91Z'
System info: host: 'sm-qa', ip: '127.0.1.1', os.name: 'Linux', os.arch: 'amd64', os.version: '4.15.0-43-generic', java.version: '1.8.0_181'
Driver info: org.openqa.selenium.chrome.ChromeDriver
Capabilities {acceptInsecureCerts: false, acceptSslCerts: false, applicationCacheEnabled: false, browserConnectionEnabled: false, browserName: chrome, chrome: {chromedriverVersion: 2.45.615279 (12b89733300bd2..., userDataDir: /tmp/.org.chromium.Chromium...}, cssSelectorsEnabled: true, databaseEnabled: false, goog:chromeOptions: {debuggerAddress: localhost:33809}, handlesAlerts: true, hasTouchScreen: false, javascriptEnabled: true, locationContextEnabled: true, mobileEmulationEnabled: false, nativeEvents: true, networkConnectionEnabled: false, pageLoadStrategy: normal, platform: LINUX, platformName: LINUX, proxy: Proxy(), rotatable: false, setWindowRect: true, strictFileInteractability: false, takesHeapSnapshot: true, takesScreenshot: true, timeouts: {implicit: 0, pageLoad: 300000, script: 30000}, unexpectedAlertBehaviour: ignore, unhandledPromptBehavior: ignore, version: 70.0.3538.77, webStorageEnabled: true}
Session ID: a502397a4b7dd4dbc25e9a3b9e53a7a4
*** Element info: {Using=xpath, value=//a[contains(@class,'button_login')]}
	at org.openqa.selenium.remote.ErrorHandler.createThrowable(ErrorHandler.java:214)
	at org.openqa.selenium.remote.ErrorHandler.throwIfResponseFailed(ErrorHandler.java:166)
	at org.openqa.selenium.remote.http.JsonHttpResponseCodec.reconstructValue(JsonHttpResponseCodec.java:40)
	at org.openqa.selenium.remote.http.AbstractHttpResponseCodec.decode(AbstractHttpResponseCodec.java:80)
	at org.openqa.selenium.remote.http.AbstractHttpResponseCodec.decode(AbstractHttpResponseCodec.java:44)
	at org.openqa.selenium.remote.HttpCommandExecutor.execute(HttpCommandExecutor.java:158)
	at org.openqa.selenium.remote.service.DriverCommandExecutor.execute(DriverCommandExecutor.java:83)
	at org.openqa.selenium.remote.RemoteWebDriver.execute(RemoteWebDriver.java:548)
	at org.openqa.selenium.remote.RemoteWebDriver.findElement(RemoteWebDriver.java:322)
	at org.openqa.selenium.remote.RemoteWebDriver.findElementByXPath(RemoteWebDriver.java:424)
	at org.openqa.selenium.By$ByXPath.findElement(By.java:353)
	at org.openqa.selenium.remote.RemoteWebDriver.findElement(RemoteWebDriver.java:314)
	at Pages.LoginPage.getDiskLoginButton(LoginPage.java:53)
	at Tests.LoginDomikTests.setupClass(LoginDomikTests.java:17)
	at TestRunner.main(TestRunner.java:11)
... Removed 25 stack frames]]>
    </failure>
  </testcase> <!-- @BeforeClass setupClass -->
  <testcase name="@BeforeMethod preCondition" time="0.0" classname="Tests.LoginDomikTests">
    <skipped/>
  </testcase> <!-- @BeforeMethod preCondition -->
  <testcase name="@BeforeMethod preCondition" time="0.0" classname="Tests.LoginDomikTests">
    <skipped/>
  </testcase> <!-- @BeforeMethod preCondition -->
  <testcase name="@BeforeMethod preCondition" time="0.0" classname="Tests.LoginDomikTests">
    <skipped/>
  </testcase> <!-- @BeforeMethod preCondition -->
  <testcase name="@BeforeMethod preCondition" time="0.0" classname="Tests.LoginDomikTests">
    <skipped/>
  </testcase> <!-- @BeforeMethod preCondition -->
  <testcase name="@BeforeMethod preCondition" time="0.0" classname="Tests.LoginDomikTests">
    <skipped/>
  </testcase> <!-- @BeforeMethod preCondition -->
  <testcase name="@BeforeMethod preCondition" time="0.0" classname="Tests.LoginDomikTests">
    <skipped/>
  </testcase> <!-- @BeforeMethod preCondition -->
  <testcase name="@BeforeMethod preCondition" time="0.0" classname="Tests.LoginDomikTests">
    <skipped/>
  </testcase> <!-- @BeforeMethod preCondition -->
  <testcase name="@AfterClass tearDown" time="0.0" classname="Tests.LoginDomikTests">
    <skipped/>
  </testcase> <!-- @AfterClass tearDown -->
  <testcase name="@BeforeClass setupClass" time="0.0" classname="Tests.MenuItemsTests">
    <failure type="org.openqa.selenium.WebDriverException" message="chrome not reachable
  (Session info: chrome=70.0.3538.77)
  (Driver info: chromedriver=2.45.615279 (12b89733300bd268cff3b78fc76cb8f3a7cc44e5),platform=Linux 4.15.0-43-generic x86_64) (WARNING: The server did not provide any stacktrace information)
Command duration or timeout: 0 milliseconds
Build info: version: &amp;apos;3.14.0&amp;apos;, revision: &amp;apos;aacccce0&amp;apos;, time: &amp;apos;2018-08-02T20:19:58.91Z&amp;apos;
System info: host: &amp;apos;sm-qa&amp;apos;, ip: &amp;apos;127.0.1.1&amp;apos;, os.name: &amp;apos;Linux&amp;apos;, os.arch: &amp;apos;amd64&amp;apos;, os.version: &amp;apos;4.15.0-43-generic&amp;apos;, java.version: &amp;apos;1.8.0_181&amp;apos;
Driver info: org.openqa.selenium.chrome.ChromeDriver
Capabilities {acceptInsecureCerts: false, acceptSslCerts: false, applicationCacheEnabled: false, browserConnectionEnabled: false, browserName: chrome, chrome: {chromedriverVersion: 2.45.615279 (12b89733300bd2..., userDataDir: /tmp/.org.chromium.Chromium...}, cssSelectorsEnabled: true, databaseEnabled: false, goog:chromeOptions: {debuggerAddress: localhost:43667}, handlesAlerts: true, hasTouchScreen: false, javascriptEnabled: true, locationContextEnabled: true, mobileEmulationEnabled: false, nativeEvents: true, networkConnectionEnabled: false, pageLoadStrategy: normal, platform: LINUX, platformName: LINUX, proxy: Proxy(), rotatable: false, setWindowRect: true, strictFileInteractability: false, takesHeapSnapshot: true, takesScreenshot: true, timeouts: {implicit: 0, pageLoad: 300000, script: 30000}, unexpectedAlertBehaviour: ignore, unhandledPromptBehavior: ignore, version: 70.0.3538.77, webStorageEnabled: true}
Session ID: dff89ad48c283a70166694e1d48a6fb4
*** Element info: {Using=xpath, value=//a[contains(@class,&amp;apos;button_login&amp;apos;)]}">
      <![CDATA[org.openqa.selenium.WebDriverException: chrome not reachable
  (Session info: chrome=70.0.3538.77)
  (Driver info: chromedriver=2.45.615279 (12b89733300bd268cff3b78fc76cb8f3a7cc44e5),platform=Linux 4.15.0-43-generic x86_64) (WARNING: The server did not provide any stacktrace information)
Command duration or timeout: 0 milliseconds
Build info: version: '3.14.0', revision: 'aacccce0', time: '2018-08-02T20:19:58.91Z'
System info: host: 'sm-qa', ip: '127.0.1.1', os.name: 'Linux', os.arch: 'amd64', os.version: '4.15.0-43-generic', java.version: '1.8.0_181'
Driver info: org.openqa.selenium.chrome.ChromeDriver
Capabilities {acceptInsecureCerts: false, acceptSslCerts: false, applicationCacheEnabled: false, browserConnectionEnabled: false, browserName: chrome, chrome: {chromedriverVersion: 2.45.615279 (12b89733300bd2..., userDataDir: /tmp/.org.chromium.Chromium...}, cssSelectorsEnabled: true, databaseEnabled: false, goog:chromeOptions: {debuggerAddress: localhost:43667}, handlesAlerts: true, hasTouchScreen: false, javascriptEnabled: true, locationContextEnabled: true, mobileEmulationEnabled: false, nativeEvents: true, networkConnectionEnabled: false, pageLoadStrategy: normal, platform: LINUX, platformName: LINUX, proxy: Proxy(), rotatable: false, setWindowRect: true, strictFileInteractability: false, takesHeapSnapshot: true, takesScreenshot: true, timeouts: {implicit: 0, pageLoad: 300000, script: 30000}, unexpectedAlertBehaviour: ignore, unhandledPromptBehavior: ignore, version: 70.0.3538.77, webStorageEnabled: true}
Session ID: dff89ad48c283a70166694e1d48a6fb4
*** Element info: {Using=xpath, value=//a[contains(@class,'button_login')]}
	at org.openqa.selenium.remote.ErrorHandler.createThrowable(ErrorHandler.java:214)
	at org.openqa.selenium.remote.ErrorHandler.throwIfResponseFailed(ErrorHandler.java:166)
	at org.openqa.selenium.remote.http.JsonHttpResponseCodec.reconstructValue(JsonHttpResponseCodec.java:40)
	at org.openqa.selenium.remote.http.AbstractHttpResponseCodec.decode(AbstractHttpResponseCodec.java:80)
	at org.openqa.selenium.remote.http.AbstractHttpResponseCodec.decode(AbstractHttpResponseCodec.java:44)
	at org.openqa.selenium.remote.HttpCommandExecutor.execute(HttpCommandExecutor.java:158)
	at org.openqa.selenium.remote.service.DriverCommandExecutor.execute(DriverCommandExecutor.java:83)
	at org.openqa.selenium.remote.RemoteWebDriver.execute(RemoteWebDriver.java:548)
	at org.openqa.selenium.remote.RemoteWebDriver.findElement(RemoteWebDriver.java:322)
	at org.openqa.selenium.remote.RemoteWebDriver.findElementByXPath(RemoteWebDriver.java:424)
	at org.openqa.selenium.By$ByXPath.findElement(By.java:353)
	at org.openqa.selenium.remote.RemoteWebDriver.findElement(RemoteWebDriver.java:314)
	at Pages.LoginPage.getDiskLoginButton(LoginPage.java:53)
	at Pages.LoginPage.login(LoginPage.java:102)
	at Tests.MenuItemsTests.setupClass(MenuItemsTests.java:27)
	at TestRunner.main(TestRunner.java:11)
... Removed 25 stack frames]]>
    </failure>
  </testcase> <!-- @BeforeClass setupClass -->
  <testcase name="@BeforeMethod beforeTest" time="0.0" classname="Tests.MenuItemsTests">
    <skipped/>
  </testcase> <!-- @BeforeMethod beforeTest -->
  <testcase name="@BeforeMethod beforeTest" time="0.0" classname="Tests.MenuItemsTests">
    <skipped/>
  </testcase> <!-- @BeforeMethod beforeTest -->
  <testcase name="@BeforeMethod beforeTest" time="0.0" classname="Tests.MenuItemsTests">
    <skipped/>
  </testcase> <!-- @BeforeMethod beforeTest -->
  <testcase name="@BeforeMethod beforeTest" time="0.0" classname="Tests.MenuItemsTests">
    <skipped/>
  </testcase> <!-- @BeforeMethod beforeTest -->
  <testcase name="@BeforeMethod beforeTest" time="0.0" classname="Tests.MenuItemsTests">
    <skipped/>
  </testcase> <!-- @BeforeMethod beforeTest -->
  <testcase name="@BeforeMethod beforeTest" time="0.0" classname="Tests.MenuItemsTests">
    <skipped/>
  </testcase> <!-- @BeforeMethod beforeTest -->
  <testcase name="@BeforeMethod beforeTest" time="0.0" classname="Tests.MenuItemsTests">
    <skipped/>
  </testcase> <!-- @BeforeMethod beforeTest -->
  <testcase name="@AfterClass tearDown" time="0.0" classname="Tests.MenuItemsTests">
    <skipped/>
  </testcase> <!-- @AfterClass tearDown -->
  <testcase name="createFolder" time="0.723" classname="Tests.CreateNewFolderTest">
    <failure type="java.lang.NullPointerException">
      <![CDATA[java.lang.NullPointerException
	at org.openqa.selenium.support.ui.ExpectedConditions.elementIfVisible(ExpectedConditions.java:315)
	at org.openqa.selenium.support.ui.ExpectedConditions.access$100(ExpectedConditions.java:44)
	at org.openqa.selenium.support.ui.ExpectedConditions$10.apply(ExpectedConditions.java:301)
	at org.openqa.selenium.support.ui.ExpectedConditions$10.apply(ExpectedConditions.java:298)
	at org.openqa.selenium.support.ui.ExpectedConditions$23.apply(ExpectedConditions.java:686)
	at org.openqa.selenium.support.ui.ExpectedConditions$23.apply(ExpectedConditions.java:682)
	at org.openqa.selenium.support.ui.FluentWait.until(FluentWait.java:260)
	at Pages.Base.retryingFindClick(Base.java:48)
	at Pages.Base.waitAndClick(Base.java:40)
	at Pages.DiskPage.createNewFolder(DiskPage.java:229)
	at Tests.CreateNewFolderTest.createFolder(CreateNewFolderTest.java:23)
	at TestRunner.main(TestRunner.java:11)
... Removed 21 stack frames]]>
    </failure>
  </testcase> <!-- createFolder -->
  <testcase name="visitToFolder" time="0.0" classname="Tests.CreateNewFolderTest">
    <skipped/>
  </testcase> <!-- visitToFolder -->
  <testcase name="createNewWordDock" time="0.0" classname="Tests.CreateNewFolderTest">
    <skipped/>
  </testcase> <!-- createNewWordDock -->
  <testcase name="reopenFile" time="0.0" classname="Tests.CreateNewFolderTest">
    <skipped/>
  </testcase> <!-- reopenFile -->
  <testcase name="deleteDock" time="0.0" classname="Tests.CreateNewFolderTest">
    <skipped/>
  </testcase> <!-- deleteDock -->
  <testcase name="clearTrash" time="0.0" classname="Tests.CreateNewFolderTest">
    <skipped/>
  </testcase> <!-- clearTrash -->
  <testcase name="allFieldsEmpty" time="0.0" classname="Tests.LoginDomikTests">
    <skipped/>
  </testcase> <!-- allFieldsEmpty -->
  <testcase name="checkedCheckboxDisplayed" time="0.0" classname="Tests.LoginDomikTests">
    <skipped/>
  </testcase> <!-- checkedCheckboxDisplayed -->
  <testcase name="invalidLoginAndPassword" time="0.0" classname="Tests.LoginDomikTests">
    <skipped/>
  </testcase> <!-- invalidLoginAndPassword -->
  <testcase name="validLoginAndInvalidPassword" time="0.0" classname="Tests.LoginDomikTests">
    <skipped/>
  </testcase> <!-- validLoginAndInvalidPassword -->
  <testcase name="validLoginAndemptyPassword" time="0.0" classname="Tests.LoginDomikTests">
    <skipped/>
  </testcase> <!-- validLoginAndemptyPassword -->
  <testcase name="validPasswordAndemptyLogin" time="0.0" classname="Tests.LoginDomikTests">
    <skipped/>
  </testcase> <!-- validPasswordAndemptyLogin -->
  <testcase name="validValues" time="0.0" classname="Tests.LoginDomikTests">
    <skipped/>
  </testcase> <!-- validValues -->
  <testcase name="checkDriveTabs" time="0.0" classname="Tests.MenuItemsTests">
    <skipped/>
  </testcase> <!-- checkDriveTabs -->
  <testcase name="checkDriveTabs" time="0.0" classname="Tests.MenuItemsTests">
    <skipped/>
  </testcase> <!-- checkDriveTabs -->
  <testcase name="checkDriveTabs" time="0.0" classname="Tests.MenuItemsTests">
    <skipped/>
  </testcase> <!-- checkDriveTabs -->
  <testcase name="checkDriveTabs" time="0.0" classname="Tests.MenuItemsTests">
    <skipped/>
  </testcase> <!-- checkDriveTabs -->
  <testcase name="checkDriveTabs" time="0.0" classname="Tests.MenuItemsTests">
    <skipped/>
  </testcase> <!-- checkDriveTabs -->
  <testcase name="checkDriveTabs" time="0.0" classname="Tests.MenuItemsTests">
    <skipped/>
  </testcase> <!-- checkDriveTabs -->
  <testcase name="sharedTabTest" time="0.0" classname="Tests.MenuItemsTests">
    <skipped/>
  </testcase> <!-- sharedTabTest -->
</testsuite> <!-- NameOFTest -->
