<html>
<head>
<title>TestNG:  NameOFTest</title>
<link href="../testng.css" rel="stylesheet" type="text/css" />
<link href="../my-testng.css" rel="stylesheet" type="text/css" />

<style type="text/css">
.log { display: none;} 
.stack-trace { display: none;} 
</style>
<script type="text/javascript">
<!--
function flip(e) {
  current = e.style.display;
  if (current == 'block') {
    e.style.display = 'none';
    return 0;
  }
  else {
    e.style.display = 'block';
    return 1;
  }
}

function toggleBox(szDivId, elem, msg1, msg2)
{
  var res = -1;  if (document.getElementById) {
    res = flip(document.getElementById(szDivId));
  }
  else if (document.all) {
    // this is the way old msie versions work
    res = flip(document.all[szDivId]);
  }
  if(elem) {
    if(res == 0) elem.innerHTML = msg1; else elem.innerHTML = msg2;
  }

}

function toggleAllBoxes() {
  if (document.getElementsByTagName) {
    d = document.getElementsByTagName('div');
    for (i = 0; i < d.length; i++) {
      if (d[i].className == 'log') {
        flip(d[i]);
      }
    }
  }
}

// -->
</script>

</head>
<body>
<h2 align='center'>NameOFTest</h2><table border='1' align="center">
<tr>
<td>Tests passed/Failed/Skipped:</td><td>0/1/19</td>
</tr><tr>
<td>Started on:</td><td>Wed Dec 26 12:40:12 MSK 2018</td>
</tr>
<tr><td>Total time:</td><td>12 seconds (12842 ms)</td>
</tr><tr>
<td>Included groups:</td><td></td>
</tr><tr>
<td>Excluded groups:</td><td></td>
</tr>
</table><p/>
<small><i>(Hover the method name to see the test class name)</i></small><p/>
<table width='100%' border='1' class='invocation-failed'>
<tr><td colspan='4' align='center'><b>FAILED CONFIGURATIONS</b></td></tr>
<tr><td><b>Test method</b></td>
<td width="30%"><b>Exception</b></td>
<td width="10%"><b>Time (seconds)</b></td>
<td><b>Instance</b></td>
</tr>
<tr>
<td title='Tests.LoginDomikTests.setupClass()'><b>setupClass</b><br>Test class: Tests.LoginDomikTests</td>
<td><div><pre>org.openqa.selenium.WebDriverException: chrome not reachable
  (Session info: chrome=70.0.3538.77)
  (Driver info: chromedriver=2.45.615279 (12b89733300bd268cff3b78fc76cb8f3a7cc44e5),platform=Linux 4.15.0-43-generic x86_64) (WARNING: The server did not provide any stacktrace information)
Command duration or timeout: 0 milliseconds
Build info: version: &apos;3.14.0&apos;, revision: &apos;aacccce0&apos;, time: &apos;2018-08-02T20:19:58.91Z&apos;
System info: host: &apos;sm-qa&apos;, ip: &apos;127.0.1.1&apos;, os.name: &apos;Linux&apos;, os.arch: &apos;amd64&apos;, os.version: &apos;4.15.0-43-generic&apos;, java.version: &apos;1.8.0_181&apos;
Driver info: org.openqa.selenium.chrome.ChromeDriver
Capabilities {acceptInsecureCerts: false, acceptSslCerts: false, applicationCacheEnabled: false, browserConnectionEnabled: false, browserName: chrome, chrome: {chromedriverVersion: 2.45.615279 (12b89733300bd2..., userDataDir: /tmp/.org.chromium.Chromium...}, cssSelectorsEnabled: true, databaseEnabled: false, goog:chromeOptions: {debuggerAddress: localhost:33809}, handlesAlerts: true, hasTouchScreen: false, javascriptEnabled: true, locationContextEnabled: true, mobileEmulationEnabled: false, nativeEvents: true, networkConnectionEnabled: false, pageLoadStrategy: normal, platform: LINUX, platformName: LINUX, proxy: Proxy(), rotatable: false, setWindowRect: true, strictFileInteractability: false, takesHeapSnapshot: true, takesScreenshot: true, timeouts: {implicit: 0, pageLoad: 300000, script: 30000}, unexpectedAlertBehaviour: ignore, unhandledPromptBehavior: ignore, version: 70.0.3538.77, webStorageEnabled: true}
Session ID: a502397a4b7dd4dbc25e9a3b9e53a7a4
*** Element info: {Using=xpath, value=//a[contains(@class,&apos;button_login&apos;)]}
	at org.openqa.selenium.remote.ErrorHandler.createThrowable(ErrorHandler.java:214)
	at org.openqa.selenium.remote.ErrorHandler.throwIfResponseFailed(ErrorHandler.java:166)
	at org.openqa.selenium.remote.http.JsonHttpResponseCodec.reconstructValue(JsonHttpResponseCodec.java:40)
	at org.openqa.selenium.remote.http.AbstractHttpResponseCodec.decode(AbstractHttpResponseCodec.java:80)
	at org.openqa.selenium.remote.http.AbstractHttpResponseCodec.decode(AbstractHttpResponseCodec.java:44)
	at org.openqa.selenium.remote.HttpCommandExecutor.execute(HttpCommandExecutor.java:158)
	at org.openqa.selenium.remote.service.DriverCommandExecutor.execute(DriverCommandExecutor.java:83)
	at org.openqa.selenium.remote.RemoteWebDriver.execute(RemoteWebDriver.java:548)
	at org.openqa.selenium.remote.RemoteWebDriver.findElement(RemoteWebDriver.java:322)
	at org.openqa.selenium.remote.RemoteWebDriver.findElementByXPath(RemoteWebDriver.java:424)
	at org.openqa.selenium.By$ByXPath.findElement(By.java:353)
	at org.openqa.selenium.remote.RemoteWebDriver.findElement(RemoteWebDriver.java:314)
	at Pages.LoginPage.getDiskLoginButton(LoginPage.java:53)
	at Tests.LoginDomikTests.setupClass(LoginDomikTests.java:17)
	at TestRunner.main(TestRunner.java:11)
... Removed 25 stack frames</pre></div><a href='#' onClick='toggleBox("stack-trace1408482749", this, "Click to show all stack frames", "Click to hide stack frames")'>Click to show all stack frames</a>
<div class='stack-trace' id='stack-trace1408482749'><pre>org.openqa.selenium.WebDriverException: chrome not reachable
  (Session info: chrome=70.0.3538.77)
  (Driver info: chromedriver=2.45.615279 (12b89733300bd268cff3b78fc76cb8f3a7cc44e5),platform=Linux 4.15.0-43-generic x86_64) (WARNING: The server did not provide any stacktrace information)
Command duration or timeout: 0 milliseconds
Build info: version: &apos;3.14.0&apos;, revision: &apos;aacccce0&apos;, time: &apos;2018-08-02T20:19:58.91Z&apos;
System info: host: &apos;sm-qa&apos;, ip: &apos;127.0.1.1&apos;, os.name: &apos;Linux&apos;, os.arch: &apos;amd64&apos;, os.version: &apos;4.15.0-43-generic&apos;, java.version: &apos;1.8.0_181&apos;
Driver info: org.openqa.selenium.chrome.ChromeDriver
Capabilities {acceptInsecureCerts: false, acceptSslCerts: false, applicationCacheEnabled: false, browserConnectionEnabled: false, browserName: chrome, chrome: {chromedriverVersion: 2.45.615279 (12b89733300bd2..., userDataDir: /tmp/.org.chromium.Chromium...}, cssSelectorsEnabled: true, databaseEnabled: false, goog:chromeOptions: {debuggerAddress: localhost:33809}, handlesAlerts: true, hasTouchScreen: false, javascriptEnabled: true, locationContextEnabled: true, mobileEmulationEnabled: false, nativeEvents: true, networkConnectionEnabled: false, pageLoadStrategy: normal, platform: LINUX, platformName: LINUX, proxy: Proxy(), rotatable: false, setWindowRect: true, strictFileInteractability: false, takesHeapSnapshot: true, takesScreenshot: true, timeouts: {implicit: 0, pageLoad: 300000, script: 30000}, unexpectedAlertBehaviour: ignore, unhandledPromptBehavior: ignore, version: 70.0.3538.77, webStorageEnabled: true}
Session ID: a502397a4b7dd4dbc25e9a3b9e53a7a4
*** Element info: {Using=xpath, value=//a[contains(@class,&apos;button_login&apos;)]}
	at sun.reflect.NativeConstructorAccessorImpl.newInstance0(Native Method)
	at sun.reflect.NativeConstructorAccessorImpl.newInstance(NativeConstructorAccessorImpl.java:62)
	at sun.reflect.DelegatingConstructorAccessorImpl.newInstance(DelegatingConstructorAccessorImpl.java:45)
	at java.lang.reflect.Constructor.newInstance(Constructor.java:423)
	at org.openqa.selenium.remote.ErrorHandler.createThrowable(ErrorHandler.java:214)
	at org.openqa.selenium.remote.ErrorHandler.throwIfResponseFailed(ErrorHandler.java:166)
	at org.openqa.selenium.remote.http.JsonHttpResponseCodec.reconstructValue(JsonHttpResponseCodec.java:40)
	at org.openqa.selenium.remote.http.AbstractHttpResponseCodec.decode(AbstractHttpResponseCodec.java:80)
	at org.openqa.selenium.remote.http.AbstractHttpResponseCodec.decode(AbstractHttpResponseCodec.java:44)
	at org.openqa.selenium.remote.HttpCommandExecutor.execute(HttpCommandExecutor.java:158)
	at org.openqa.selenium.remote.service.DriverCommandExecutor.execute(DriverCommandExecutor.java:83)
	at org.openqa.selenium.remote.RemoteWebDriver.execute(RemoteWebDriver.java:548)
	at org.openqa.selenium.remote.RemoteWebDriver.findElement(RemoteWebDriver.java:322)
	at org.openqa.selenium.remote.RemoteWebDriver.findElementByXPath(RemoteWebDriver.java:424)
	at org.openqa.selenium.By$ByXPath.findElement(By.java:353)
	at org.openqa.selenium.remote.RemoteWebDriver.findElement(RemoteWebDriver.java:314)
	at Pages.LoginPage.getDiskLoginButton(LoginPage.java:53)
	at Tests.LoginDomikTests.setupClass(LoginDomikTests.java:17)
	at sun.reflect.NativeMethodAccessorImpl.invoke0(Native Method)
	at sun.reflect.NativeMethodAccessorImpl.invoke(NativeMethodAccessorImpl.java:62)
	at sun.reflect.DelegatingMethodAccessorImpl.invoke(DelegatingMethodAccessorImpl.java:43)
	at java.lang.reflect.Method.invoke(Method.java:498)
	at org.testng.internal.MethodInvocationHelper.invokeMethod(MethodInvocationHelper.java:85)
	at org.testng.internal.Invoker.invokeConfigurationMethod(Invoker.java:510)
	at org.testng.internal.Invoker.invokeConfigurations(Invoker.java:211)
	at org.testng.internal.Invoker.invokeConfigurations(Invoker.java:138)
	at org.testng.internal.TestMethodWorker.invokeBeforeClassMethods(TestMethodWorker.java:170)
	at org.testng.internal.TestMethodWorker.run(TestMethodWorker.java:104)
	at org.testng.TestRunner.privateRun(TestRunner.java:774)
	at org.testng.TestRunner.run(TestRunner.java:624)
	at org.testng.SuiteRunner.runTest(SuiteRunner.java:359)
	at org.testng.SuiteRunner.runSequentially(SuiteRunner.java:354)
	at org.testng.SuiteRunner.privateRun(SuiteRunner.java:312)
	at org.testng.SuiteRunner.run(SuiteRunner.java:261)
	at org.testng.SuiteRunnerWorker.runSuite(SuiteRunnerWorker.java:52)
	at org.testng.SuiteRunnerWorker.run(SuiteRunnerWorker.java:86)
	at org.testng.TestNG.runSuitesSequentially(TestNG.java:1215)
	at org.testng.TestNG.runSuitesLocally(TestNG.java:1140)
	at org.testng.TestNG.run(TestNG.java:1048)
	at TestRunner.main(TestRunner.java:11)
</pre></div></td>
<td>0</td>
<td>Tests.LoginDomikTests@50675690</td></tr>
<tr>
<td title='Tests.MenuItemsTests.setupClass()'><b>setupClass</b><br>Test class: Tests.MenuItemsTests</td>
<td><div><pre>org.openqa.selenium.WebDriverException: chrome not reachable
  (Session info: chrome=70.0.3538.77)
  (Driver info: chromedriver=2.45.615279 (12b89733300bd268cff3b78fc76cb8f3a7cc44e5),platform=Linux 4.15.0-43-generic x86_64) (WARNING: The server did not provide any stacktrace information)
Command duration or timeout: 0 milliseconds
Build info: version: &apos;3.14.0&apos;, revision: &apos;aacccce0&apos;, time: &apos;2018-08-02T20:19:58.91Z&apos;
System info: host: &apos;sm-qa&apos;, ip: &apos;127.0.1.1&apos;, os.name: &apos;Linux&apos;, os.arch: &apos;amd64&apos;, os.version: &apos;4.15.0-43-generic&apos;, java.version: &apos;1.8.0_181&apos;
Driver info: org.openqa.selenium.chrome.ChromeDriver
Capabilities {acceptInsecureCerts: false, acceptSslCerts: false, applicationCacheEnabled: false, browserConnectionEnabled: false, browserName: chrome, chrome: {chromedriverVersion: 2.45.615279 (12b89733300bd2..., userDataDir: /tmp/.org.chromium.Chromium...}, cssSelectorsEnabled: true, databaseEnabled: false, goog:chromeOptions: {debuggerAddress: localhost:43667}, handlesAlerts: true, hasTouchScreen: false, javascriptEnabled: true, locationContextEnabled: true, mobileEmulationEnabled: false, nativeEvents: true, networkConnectionEnabled: false, pageLoadStrategy: normal, platform: LINUX, platformName: LINUX, proxy: Proxy(), rotatable: false, setWindowRect: true, strictFileInteractability: false, takesHeapSnapshot: true, takesScreenshot: true, timeouts: {implicit: 0, pageLoad: 300000, script: 30000}, unexpectedAlertBehaviour: ignore, unhandledPromptBehavior: ignore, version: 70.0.3538.77, webStorageEnabled: true}
Session ID: dff89ad48c283a70166694e1d48a6fb4
*** Element info: {Using=xpath, value=//a[contains(@class,&apos;button_login&apos;)]}
	at org.openqa.selenium.remote.ErrorHandler.createThrowable(ErrorHandler.java:214)
	at org.openqa.selenium.remote.ErrorHandler.throwIfResponseFailed(ErrorHandler.java:166)
	at org.openqa.selenium.remote.http.JsonHttpResponseCodec.reconstructValue(JsonHttpResponseCodec.java:40)
	at org.openqa.selenium.remote.http.AbstractHttpResponseCodec.decode(AbstractHttpResponseCodec.java:80)
	at org.openqa.selenium.remote.http.AbstractHttpResponseCodec.decode(AbstractHttpResponseCodec.java:44)
	at org.openqa.selenium.remote.HttpCommandExecutor.execute(HttpCommandExecutor.java:158)
	at org.openqa.selenium.remote.service.DriverCommandExecutor.execute(DriverCommandExecutor.java:83)
	at org.openqa.selenium.remote.RemoteWebDriver.execute(RemoteWebDriver.java:548)
	at org.openqa.selenium.remote.RemoteWebDriver.findElement(RemoteWebDriver.java:322)
	at org.openqa.selenium.remote.RemoteWebDriver.findElementByXPath(RemoteWebDriver.java:424)
	at org.openqa.selenium.By$ByXPath.findElement(By.java:353)
	at org.openqa.selenium.remote.RemoteWebDriver.findElement(RemoteWebDriver.java:314)
	at Pages.LoginPage.getDiskLoginButton(LoginPage.java:53)
	at Pages.LoginPage.login(LoginPage.java:102)
	at Tests.MenuItemsTests.setupClass(MenuItemsTests.java:27)
	at TestRunner.main(TestRunner.java:11)
... Removed 25 stack frames</pre></div><a href='#' onClick='toggleBox("stack-trace527804008", this, "Click to show all stack frames", "Click to hide stack frames")'>Click to show all stack frames</a>
<div class='stack-trace' id='stack-trace527804008'><pre>org.openqa.selenium.WebDriverException: chrome not reachable
  (Session info: chrome=70.0.3538.77)
  (Driver info: chromedriver=2.45.615279 (12b89733300bd268cff3b78fc76cb8f3a7cc44e5),platform=Linux 4.15.0-43-generic x86_64) (WARNING: The server did not provide any stacktrace information)
Command duration or timeout: 0 milliseconds
Build info: version: &apos;3.14.0&apos;, revision: &apos;aacccce0&apos;, time: &apos;2018-08-02T20:19:58.91Z&apos;
System info: host: &apos;sm-qa&apos;, ip: &apos;127.0.1.1&apos;, os.name: &apos;Linux&apos;, os.arch: &apos;amd64&apos;, os.version: &apos;4.15.0-43-generic&apos;, java.version: &apos;1.8.0_181&apos;
Driver info: org.openqa.selenium.chrome.ChromeDriver
Capabilities {acceptInsecureCerts: false, acceptSslCerts: false, applicationCacheEnabled: false, browserConnectionEnabled: false, browserName: chrome, chrome: {chromedriverVersion: 2.45.615279 (12b89733300bd2..., userDataDir: /tmp/.org.chromium.Chromium...}, cssSelectorsEnabled: true, databaseEnabled: false, goog:chromeOptions: {debuggerAddress: localhost:43667}, handlesAlerts: true, hasTouchScreen: false, javascriptEnabled: true, locationContextEnabled: true, mobileEmulationEnabled: false, nativeEvents: true, networkConnectionEnabled: false, pageLoadStrategy: normal, platform: LINUX, platformName: LINUX, proxy: Proxy(), rotatable: false, setWindowRect: true, strictFileInteractability: false, takesHeapSnapshot: true, takesScreenshot: true, timeouts: {implicit: 0, pageLoad: 300000, script: 30000}, unexpectedAlertBehaviour: ignore, unhandledPromptBehavior: ignore, version: 70.0.3538.77, webStorageEnabled: true}
Session ID: dff89ad48c283a70166694e1d48a6fb4
*** Element info: {Using=xpath, value=//a[contains(@class,&apos;button_login&apos;)]}
	at sun.reflect.NativeConstructorAccessorImpl.newInstance0(Native Method)
	at sun.reflect.NativeConstructorAccessorImpl.newInstance(NativeConstructorAccessorImpl.java:62)
	at sun.reflect.DelegatingConstructorAccessorImpl.newInstance(DelegatingConstructorAccessorImpl.java:45)
	at java.lang.reflect.Constructor.newInstance(Constructor.java:423)
	at org.openqa.selenium.remote.ErrorHandler.createThrowable(ErrorHandler.java:214)
	at org.openqa.selenium.remote.ErrorHandler.throwIfResponseFailed(ErrorHandler.java:166)
	at org.openqa.selenium.remote.http.JsonHttpResponseCodec.reconstructValue(JsonHttpResponseCodec.java:40)
	at org.openqa.selenium.remote.http.AbstractHttpResponseCodec.decode(AbstractHttpResponseCodec.java:80)
	at org.openqa.selenium.remote.http.AbstractHttpResponseCodec.decode(AbstractHttpResponseCodec.java:44)
	at org.openqa.selenium.remote.HttpCommandExecutor.execute(HttpCommandExecutor.java:158)
	at org.openqa.selenium.remote.service.DriverCommandExecutor.execute(DriverCommandExecutor.java:83)
	at org.openqa.selenium.remote.RemoteWebDriver.execute(RemoteWebDriver.java:548)
	at org.openqa.selenium.remote.RemoteWebDriver.findElement(RemoteWebDriver.java:322)
	at org.openqa.selenium.remote.RemoteWebDriver.findElementByXPath(RemoteWebDriver.java:424)
	at org.openqa.selenium.By$ByXPath.findElement(By.java:353)
	at org.openqa.selenium.remote.RemoteWebDriver.findElement(RemoteWebDriver.java:314)
	at Pages.LoginPage.getDiskLoginButton(LoginPage.java:53)
	at Pages.LoginPage.login(LoginPage.java:102)
	at Tests.MenuItemsTests.setupClass(MenuItemsTests.java:27)
	at sun.reflect.NativeMethodAccessorImpl.invoke0(Native Method)
	at sun.reflect.NativeMethodAccessorImpl.invoke(NativeMethodAccessorImpl.java:62)
	at sun.reflect.DelegatingMethodAccessorImpl.invoke(DelegatingMethodAccessorImpl.java:43)
	at java.lang.reflect.Method.invoke(Method.java:498)
	at org.testng.internal.MethodInvocationHelper.invokeMethod(MethodInvocationHelper.java:85)
	at org.testng.internal.Invoker.invokeConfigurationMethod(Invoker.java:510)
	at org.testng.internal.Invoker.invokeConfigurations(Invoker.java:211)
	at org.testng.internal.Invoker.invokeConfigurations(Invoker.java:138)
	at org.testng.internal.TestMethodWorker.invokeBeforeClassMethods(TestMethodWorker.java:170)
	at org.testng.internal.TestMethodWorker.run(TestMethodWorker.java:104)
	at org.testng.TestRunner.privateRun(TestRunner.java:774)
	at org.testng.TestRunner.run(TestRunner.java:624)
	at org.testng.SuiteRunner.runTest(SuiteRunner.java:359)
	at org.testng.SuiteRunner.runSequentially(SuiteRunner.java:354)
	at org.testng.SuiteRunner.privateRun(SuiteRunner.java:312)
	at org.testng.SuiteRunner.run(SuiteRunner.java:261)
	at org.testng.SuiteRunnerWorker.runSuite(SuiteRunnerWorker.java:52)
	at org.testng.SuiteRunnerWorker.run(SuiteRunnerWorker.java:86)
	at org.testng.TestNG.runSuitesSequentially(TestNG.java:1215)
	at org.testng.TestNG.runSuitesLocally(TestNG.java:1140)
	at org.testng.TestNG.run(TestNG.java:1048)
	at TestRunner.main(TestRunner.java:11)
</pre></div></td>
<td>0</td>
<td>Tests.MenuItemsTests@31b7dea0</td></tr>
</table><p>
<table width='100%' border='1' class='invocation-skipped'>
<tr><td colspan='4' align='center'><b>SKIPPED CONFIGURATIONS</b></td></tr>
<tr><td><b>Test method</b></td>
<td width="30%"><b>Exception</b></td>
<td width="10%"><b>Time (seconds)</b></td>
<td><b>Instance</b></td>
</tr>
<tr>
<td title='Tests.LoginDomikTests.preCondition()'><b>preCondition</b><br>Test class: Tests.LoginDomikTests</td>
<td></td>
<td>0</td>
<td>Tests.LoginDomikTests@50675690</td></tr>
<tr>
<td title='Tests.LoginDomikTests.preCondition()'><b>preCondition</b><br>Test class: Tests.LoginDomikTests</td>
<td></td>
<td>0</td>
<td>Tests.LoginDomikTests@50675690</td></tr>
<tr>
<td title='Tests.LoginDomikTests.preCondition()'><b>preCondition</b><br>Test class: Tests.LoginDomikTests</td>
<td></td>
<td>0</td>
<td>Tests.LoginDomikTests@50675690</td></tr>
<tr>
<td title='Tests.LoginDomikTests.preCondition()'><b>preCondition</b><br>Test class: Tests.LoginDomikTests</td>
<td></td>
<td>0</td>
<td>Tests.LoginDomikTests@50675690</td></tr>
<tr>
<td title='Tests.LoginDomikTests.preCondition()'><b>preCondition</b><br>Test class: Tests.LoginDomikTests</td>
<td></td>
<td>0</td>
<td>Tests.LoginDomikTests@50675690</td></tr>
<tr>
<td title='Tests.LoginDomikTests.preCondition()'><b>preCondition</b><br>Test class: Tests.LoginDomikTests</td>
<td></td>
<td>0</td>
<td>Tests.LoginDomikTests@50675690</td></tr>
<tr>
<td title='Tests.LoginDomikTests.preCondition()'><b>preCondition</b><br>Test class: Tests.LoginDomikTests</td>
<td></td>
<td>0</td>
<td>Tests.LoginDomikTests@50675690</td></tr>
<tr>
<td title='Tests.MenuItemsTests.beforeTest()'><b>beforeTest</b><br>Test class: Tests.MenuItemsTests</td>
<td></td>
<td>0</td>
<td>Tests.MenuItemsTests@31b7dea0</td></tr>
<tr>
<td title='Tests.MenuItemsTests.beforeTest()'><b>beforeTest</b><br>Test class: Tests.MenuItemsTests</td>
<td></td>
<td>0</td>
<td>Tests.MenuItemsTests@31b7dea0</td></tr>
<tr>
<td title='Tests.MenuItemsTests.beforeTest()'><b>beforeTest</b><br>Test class: Tests.MenuItemsTests</td>
<td></td>
<td>0</td>
<td>Tests.MenuItemsTests@31b7dea0</td></tr>
<tr>
<td title='Tests.MenuItemsTests.beforeTest()'><b>beforeTest</b><br>Test class: Tests.MenuItemsTests</td>
<td></td>
<td>0</td>
<td>Tests.MenuItemsTests@31b7dea0</td></tr>
<tr>
<td title='Tests.MenuItemsTests.beforeTest()'><b>beforeTest</b><br>Test class: Tests.MenuItemsTests</td>
<td></td>
<td>0</td>
<td>Tests.MenuItemsTests@31b7dea0</td></tr>
<tr>
<td title='Tests.MenuItemsTests.beforeTest()'><b>beforeTest</b><br>Test class: Tests.MenuItemsTests</td>
<td></td>
<td>0</td>
<td>Tests.MenuItemsTests@31b7dea0</td></tr>
<tr>
<td title='Tests.MenuItemsTests.beforeTest()'><b>beforeTest</b><br>Test class: Tests.MenuItemsTests</td>
<td></td>
<td>0</td>
<td>Tests.MenuItemsTests@31b7dea0</td></tr>
<tr>
<td title='Tests.LoginDomikTests.tearDown()'><b>tearDown</b><br>Test class: Tests.LoginDomikTests</td>
<td></td>
<td>0</td>
<td>Tests.LoginDomikTests@50675690</td></tr>
<tr>
<td title='Tests.MenuItemsTests.tearDown()'><b>tearDown</b><br>Test class: Tests.MenuItemsTests</td>
<td></td>
<td>0</td>
<td>Tests.MenuItemsTests@31b7dea0</td></tr>
</table><p>
<table width='100%' border='1' class='invocation-failed'>
<tr><td colspan='4' align='center'><b>FAILED TESTS</b></td></tr>
<tr><td><b>Test method</b></td>
<td width="30%"><b>Exception</b></td>
<td width="10%"><b>Time (seconds)</b></td>
<td><b>Instance</b></td>
</tr>
<tr>
<td title='Tests.CreateNewFolderTest.createFolder()'><b>createFolder</b><br>Test class: Tests.CreateNewFolderTest</td>
<td><div><pre>java.lang.NullPointerException
	at org.openqa.selenium.support.ui.ExpectedConditions.elementIfVisible(ExpectedConditions.java:315)
	at org.openqa.selenium.support.ui.ExpectedConditions.access$100(ExpectedConditions.java:44)
	at org.openqa.selenium.support.ui.ExpectedConditions$10.apply(ExpectedConditions.java:301)
	at org.openqa.selenium.support.ui.ExpectedConditions$10.apply(ExpectedConditions.java:298)
	at org.openqa.selenium.support.ui.ExpectedConditions$23.apply(ExpectedConditions.java:686)
	at org.openqa.selenium.support.ui.ExpectedConditions$23.apply(ExpectedConditions.java:682)
	at org.openqa.selenium.support.ui.FluentWait.until(FluentWait.java:260)
	at Pages.Base.retryingFindClick(Base.java:48)
	at Pages.Base.waitAndClick(Base.java:40)
	at Pages.DiskPage.createNewFolder(DiskPage.java:229)
	at Tests.CreateNewFolderTest.createFolder(CreateNewFolderTest.java:23)
	at TestRunner.main(TestRunner.java:11)
... Removed 21 stack frames</pre></div><a href='#' onClick='toggleBox("stack-trace1082309267", this, "Click to show all stack frames", "Click to hide stack frames")'>Click to show all stack frames</a>
<div class='stack-trace' id='stack-trace1082309267'><pre>java.lang.NullPointerException
	at org.openqa.selenium.support.ui.ExpectedConditions.elementIfVisible(ExpectedConditions.java:315)
	at org.openqa.selenium.support.ui.ExpectedConditions.access$100(ExpectedConditions.java:44)
	at org.openqa.selenium.support.ui.ExpectedConditions$10.apply(ExpectedConditions.java:301)
	at org.openqa.selenium.support.ui.ExpectedConditions$10.apply(ExpectedConditions.java:298)
	at org.openqa.selenium.support.ui.ExpectedConditions$23.apply(ExpectedConditions.java:686)
	at org.openqa.selenium.support.ui.ExpectedConditions$23.apply(ExpectedConditions.java:682)
	at org.openqa.selenium.support.ui.FluentWait.until(FluentWait.java:260)
	at Pages.Base.retryingFindClick(Base.java:48)
	at Pages.Base.waitAndClick(Base.java:40)
	at Pages.DiskPage.createNewFolder(DiskPage.java:229)
	at Tests.CreateNewFolderTest.createFolder(CreateNewFolderTest.java:23)
	at sun.reflect.NativeMethodAccessorImpl.invoke0(Native Method)
	at sun.reflect.NativeMethodAccessorImpl.invoke(NativeMethodAccessorImpl.java:62)
	at sun.reflect.DelegatingMethodAccessorImpl.invoke(DelegatingMethodAccessorImpl.java:43)
	at java.lang.reflect.Method.invoke(Method.java:498)
	at org.testng.internal.MethodInvocationHelper.invokeMethod(MethodInvocationHelper.java:85)
	at org.testng.internal.Invoker.invokeMethod(Invoker.java:639)
	at org.testng.internal.Invoker.invokeTestMethod(Invoker.java:816)
	at org.testng.internal.Invoker.invokeTestMethods(Invoker.java:1124)
	at org.testng.internal.TestMethodWorker.invokeTestMethods(TestMethodWorker.java:125)
	at org.testng.internal.TestMethodWorker.run(TestMethodWorker.java:108)
	at org.testng.TestRunner.privateRun(TestRunner.java:774)
	at org.testng.TestRunner.run(TestRunner.java:624)
	at org.testng.SuiteRunner.runTest(SuiteRunner.java:359)
	at org.testng.SuiteRunner.runSequentially(SuiteRunner.java:354)
	at org.testng.SuiteRunner.privateRun(SuiteRunner.java:312)
	at org.testng.SuiteRunner.run(SuiteRunner.java:261)
	at org.testng.SuiteRunnerWorker.runSuite(SuiteRunnerWorker.java:52)
	at org.testng.SuiteRunnerWorker.run(SuiteRunnerWorker.java:86)
	at org.testng.TestNG.runSuitesSequentially(TestNG.java:1215)
	at org.testng.TestNG.runSuitesLocally(TestNG.java:1140)
	at org.testng.TestNG.run(TestNG.java:1048)
	at TestRunner.main(TestRunner.java:11)
</pre></div></td>
<td>0</td>
<td>Tests.CreateNewFolderTest@763d9750</td></tr>
</table><p>
<table width='100%' border='1' class='invocation-skipped'>
<tr><td colspan='4' align='center'><b>SKIPPED TESTS</b></td></tr>
<tr><td><b>Test method</b></td>
<td width="30%"><b>Exception</b></td>
<td width="10%"><b>Time (seconds)</b></td>
<td><b>Instance</b></td>
</tr>
<tr>
<td title='Tests.LoginDomikTests.allFieldsEmpty()'><b>allFieldsEmpty</b><br>Test class: Tests.LoginDomikTests</td>
<td></td>
<td>0</td>
<td>Tests.LoginDomikTests@50675690</td></tr>
<tr>
<td title='Tests.MenuItemsTests.checkDriveTabs()'><b>checkDriveTabs</b><br>Test class: Tests.MenuItemsTests<br>Parameters: recent, recent, //div[@class='client-listing client-listing_type_recent']</td>
<td></td>
<td>0</td>
<td>Tests.MenuItemsTests@31b7dea0</td></tr>
<tr>
<td title='Tests.MenuItemsTests.checkDriveTabs()'><b>checkDriveTabs</b><br>Test class: Tests.MenuItemsTests<br>Parameters: disk, disk, //div[@class='client-listing']</td>
<td></td>
<td>0</td>
<td>Tests.MenuItemsTests@31b7dea0</td></tr>
<tr>
<td title='Tests.MenuItemsTests.checkDriveTabs()'><b>checkDriveTabs</b><br>Test class: Tests.MenuItemsTests<br>Parameters: photo, photo, //div[@class='page-stub page-stub_animated']</td>
<td></td>
<td>0</td>
<td>Tests.MenuItemsTests@31b7dea0</td></tr>
<tr>
<td title='Tests.MenuItemsTests.checkDriveTabs()'><b>checkDriveTabs</b><br>Test class: Tests.MenuItemsTests<br>Parameters: journal, journal, //div[@class='journal-cluster']</td>
<td></td>
<td>0</td>
<td>Tests.MenuItemsTests@31b7dea0</td></tr>
<tr>
<td title='Tests.MenuItemsTests.checkDriveTabs()'><b>checkDriveTabs</b><br>Test class: Tests.MenuItemsTests<br>Parameters: mail, mail, //div[@class='root__listing']</td>
<td></td>
<td>0</td>
<td>Tests.MenuItemsTests@31b7dea0</td></tr>
<tr>
<td title='Tests.MenuItemsTests.checkDriveTabs()'><b>checkDriveTabs</b><br>Test class: Tests.MenuItemsTests<br>Parameters: trash, trash, //div[@class='client-listing client-listing_type_trash']</td>
<td></td>
<td>0</td>
<td>Tests.MenuItemsTests@31b7dea0</td></tr>
<tr>
<td title='Tests.LoginDomikTests.checkedCheckboxDisplayed()'><b>checkedCheckboxDisplayed</b><br>Test class: Tests.LoginDomikTests</td>
<td></td>
<td>0</td>
<td>Tests.LoginDomikTests@50675690</td></tr>
<tr>
<td title='Tests.CreateNewFolderTest.clearTrash()'><b>clearTrash</b><br>Test class: Tests.CreateNewFolderTest</td>
<td><div><pre>java.lang.Throwable: Method CreateNewFolderTest.clearTrash()[pri:0, instance:Tests.CreateNewFolderTest@763d9750] depends on not successfully finished methods
	at TestRunner.main(TestRunner.java:11)
... Removed 14 stack frames</pre></div><a href='#' onClick='toggleBox("stack-trace429075478", this, "Click to show all stack frames", "Click to hide stack frames")'>Click to show all stack frames</a>
<div class='stack-trace' id='stack-trace429075478'><pre>java.lang.Throwable: Method CreateNewFolderTest.clearTrash()[pri:0, instance:Tests.CreateNewFolderTest@763d9750] depends on not successfully finished methods
	at org.testng.internal.Invoker.invokeTestMethods(Invoker.java:1033)
	at org.testng.internal.TestMethodWorker.invokeTestMethods(TestMethodWorker.java:125)
	at org.testng.internal.TestMethodWorker.run(TestMethodWorker.java:108)
	at org.testng.TestRunner.privateRun(TestRunner.java:774)
	at org.testng.TestRunner.run(TestRunner.java:624)
	at org.testng.SuiteRunner.runTest(SuiteRunner.java:359)
	at org.testng.SuiteRunner.runSequentially(SuiteRunner.java:354)
	at org.testng.SuiteRunner.privateRun(SuiteRunner.java:312)
	at org.testng.SuiteRunner.run(SuiteRunner.java:261)
	at org.testng.SuiteRunnerWorker.runSuite(SuiteRunnerWorker.java:52)
	at org.testng.SuiteRunnerWorker.run(SuiteRunnerWorker.java:86)
	at org.testng.TestNG.runSuitesSequentially(TestNG.java:1215)
	at org.testng.TestNG.runSuitesLocally(TestNG.java:1140)
	at org.testng.TestNG.run(TestNG.java:1048)
	at TestRunner.main(TestRunner.java:11)
</pre></div></td>
<td>0</td>
<td>null</td></tr>
<tr>
<td title='Tests.CreateNewFolderTest.createNewWordDock()'><b>createNewWordDock</b><br>Test class: Tests.CreateNewFolderTest</td>
<td><div><pre>java.lang.Throwable: Method CreateNewFolderTest.createNewWordDock()[pri:0, instance:Tests.CreateNewFolderTest@763d9750] depends on not successfully finished methods
	at TestRunner.main(TestRunner.java:11)
... Removed 14 stack frames</pre></div><a href='#' onClick='toggleBox("stack-trace1835073088", this, "Click to show all stack frames", "Click to hide stack frames")'>Click to show all stack frames</a>
<div class='stack-trace' id='stack-trace1835073088'><pre>java.lang.Throwable: Method CreateNewFolderTest.createNewWordDock()[pri:0, instance:Tests.CreateNewFolderTest@763d9750] depends on not successfully finished methods
	at org.testng.internal.Invoker.invokeTestMethods(Invoker.java:1033)
	at org.testng.internal.TestMethodWorker.invokeTestMethods(TestMethodWorker.java:125)
	at org.testng.internal.TestMethodWorker.run(TestMethodWorker.java:108)
	at org.testng.TestRunner.privateRun(TestRunner.java:774)
	at org.testng.TestRunner.run(TestRunner.java:624)
	at org.testng.SuiteRunner.runTest(SuiteRunner.java:359)
	at org.testng.SuiteRunner.runSequentially(SuiteRunner.java:354)
	at org.testng.SuiteRunner.privateRun(SuiteRunner.java:312)
	at org.testng.SuiteRunner.run(SuiteRunner.java:261)
	at org.testng.SuiteRunnerWorker.runSuite(SuiteRunnerWorker.java:52)
	at org.testng.SuiteRunnerWorker.run(SuiteRunnerWorker.java:86)
	at org.testng.TestNG.runSuitesSequentially(TestNG.java:1215)
	at org.testng.TestNG.runSuitesLocally(TestNG.java:1140)
	at org.testng.TestNG.run(TestNG.java:1048)
	at TestRunner.main(TestRunner.java:11)
</pre></div></td>
<td>0</td>
<td>null</td></tr>
<tr>
<td title='Tests.CreateNewFolderTest.deleteDock()'><b>deleteDock</b><br>Test class: Tests.CreateNewFolderTest</td>
<td><div><pre>java.lang.Throwable: Method CreateNewFolderTest.deleteDock()[pri:0, instance:Tests.CreateNewFolderTest@763d9750] depends on not successfully finished methods
	at TestRunner.main(TestRunner.java:11)
... Removed 14 stack frames</pre></div><a href='#' onClick='toggleBox("stack-trace602423811", this, "Click to show all stack frames", "Click to hide stack frames")'>Click to show all stack frames</a>
<div class='stack-trace' id='stack-trace602423811'><pre>java.lang.Throwable: Method CreateNewFolderTest.deleteDock()[pri:0, instance:Tests.CreateNewFolderTest@763d9750] depends on not successfully finished methods
	at org.testng.internal.Invoker.invokeTestMethods(Invoker.java:1033)
	at org.testng.internal.TestMethodWorker.invokeTestMethods(TestMethodWorker.java:125)
	at org.testng.internal.TestMethodWorker.run(TestMethodWorker.java:108)
	at org.testng.TestRunner.privateRun(TestRunner.java:774)
	at org.testng.TestRunner.run(TestRunner.java:624)
	at org.testng.SuiteRunner.runTest(SuiteRunner.java:359)
	at org.testng.SuiteRunner.runSequentially(SuiteRunner.java:354)
	at org.testng.SuiteRunner.privateRun(SuiteRunner.java:312)
	at org.testng.SuiteRunner.run(SuiteRunner.java:261)
	at org.testng.SuiteRunnerWorker.runSuite(SuiteRunnerWorker.java:52)
	at org.testng.SuiteRunnerWorker.run(SuiteRunnerWorker.java:86)
	at org.testng.TestNG.runSuitesSequentially(TestNG.java:1215)
	at org.testng.TestNG.runSuitesLocally(TestNG.java:1140)
	at org.testng.TestNG.run(TestNG.java:1048)
	at TestRunner.main(TestRunner.java:11)
</pre></div></td>
<td>0</td>
<td>null</td></tr>
<tr>
<td title='Tests.LoginDomikTests.invalidLoginAndPassword()'><b>invalidLoginAndPassword</b><br>Test class: Tests.LoginDomikTests</td>
<td></td>
<td>0</td>
<td>Tests.LoginDomikTests@50675690</td></tr>
<tr>
<td title='Tests.CreateNewFolderTest.reopenFile()'><b>reopenFile</b><br>Test class: Tests.CreateNewFolderTest</td>
<td><div><pre>java.lang.Throwable: Method CreateNewFolderTest.reopenFile()[pri:0, instance:Tests.CreateNewFolderTest@763d9750] depends on not successfully finished methods
	at TestRunner.main(TestRunner.java:11)
... Removed 14 stack frames</pre></div><a href='#' onClick='toggleBox("stack-trace2032891036", this, "Click to show all stack frames", "Click to hide stack frames")'>Click to show all stack frames</a>
<div class='stack-trace' id='stack-trace2032891036'><pre>java.lang.Throwable: Method CreateNewFolderTest.reopenFile()[pri:0, instance:Tests.CreateNewFolderTest@763d9750] depends on not successfully finished methods
	at org.testng.internal.Invoker.invokeTestMethods(Invoker.java:1033)
	at org.testng.internal.TestMethodWorker.invokeTestMethods(TestMethodWorker.java:125)
	at org.testng.internal.TestMethodWorker.run(TestMethodWorker.java:108)
	at org.testng.TestRunner.privateRun(TestRunner.java:774)
	at org.testng.TestRunner.run(TestRunner.java:624)
	at org.testng.SuiteRunner.runTest(SuiteRunner.java:359)
	at org.testng.SuiteRunner.runSequentially(SuiteRunner.java:354)
	at org.testng.SuiteRunner.privateRun(SuiteRunner.java:312)
	at org.testng.SuiteRunner.run(SuiteRunner.java:261)
	at org.testng.SuiteRunnerWorker.runSuite(SuiteRunnerWorker.java:52)
	at org.testng.SuiteRunnerWorker.run(SuiteRunnerWorker.java:86)
	at org.testng.TestNG.runSuitesSequentially(TestNG.java:1215)
	at org.testng.TestNG.runSuitesLocally(TestNG.java:1140)
	at org.testng.TestNG.run(TestNG.java:1048)
	at TestRunner.main(TestRunner.java:11)
</pre></div></td>
<td>0</td>
<td>null</td></tr>
<tr>
<td title='Tests.MenuItemsTests.sharedTabTest()'><b>sharedTabTest</b><br>Test class: Tests.MenuItemsTests</td>
<td></td>
<td>0</td>
<td>Tests.MenuItemsTests@31b7dea0</td></tr>
<tr>
<td title='Tests.LoginDomikTests.validLoginAndInvalidPassword()'><b>validLoginAndInvalidPassword</b><br>Test class: Tests.LoginDomikTests</td>
<td></td>
<td>0</td>
<td>Tests.LoginDomikTests@50675690</td></tr>
<tr>
<td title='Tests.LoginDomikTests.validLoginAndemptyPassword()'><b>validLoginAndemptyPassword</b><br>Test class: Tests.LoginDomikTests</td>
<td></td>
<td>0</td>
<td>Tests.LoginDomikTests@50675690</td></tr>
<tr>
<td title='Tests.LoginDomikTests.validPasswordAndemptyLogin()'><b>validPasswordAndemptyLogin</b><br>Test class: Tests.LoginDomikTests</td>
<td></td>
<td>0</td>
<td>Tests.LoginDomikTests@50675690</td></tr>
<tr>
<td title='Tests.LoginDomikTests.validValues()'><b>validValues</b><br>Test class: Tests.LoginDomikTests</td>
<td></td>
<td>0</td>
<td>Tests.LoginDomikTests@50675690</td></tr>
<tr>
<td title='Tests.CreateNewFolderTest.visitToFolder()'><b>visitToFolder</b><br>Test class: Tests.CreateNewFolderTest</td>
<td><div><pre>java.lang.Throwable: Method CreateNewFolderTest.visitToFolder()[pri:0, instance:Tests.CreateNewFolderTest@763d9750] depends on not successfully finished methods
	at TestRunner.main(TestRunner.java:11)
... Removed 14 stack frames</pre></div><a href='#' onClick='toggleBox("stack-trace1138697171", this, "Click to show all stack frames", "Click to hide stack frames")'>Click to show all stack frames</a>
<div class='stack-trace' id='stack-trace1138697171'><pre>java.lang.Throwable: Method CreateNewFolderTest.visitToFolder()[pri:0, instance:Tests.CreateNewFolderTest@763d9750] depends on not successfully finished methods
	at org.testng.internal.Invoker.invokeTestMethods(Invoker.java:1033)
	at org.testng.internal.TestMethodWorker.invokeTestMethods(TestMethodWorker.java:125)
	at org.testng.internal.TestMethodWorker.run(TestMethodWorker.java:108)
	at org.testng.TestRunner.privateRun(TestRunner.java:774)
	at org.testng.TestRunner.run(TestRunner.java:624)
	at org.testng.SuiteRunner.runTest(SuiteRunner.java:359)
	at org.testng.SuiteRunner.runSequentially(SuiteRunner.java:354)
	at org.testng.SuiteRunner.privateRun(SuiteRunner.java:312)
	at org.testng.SuiteRunner.run(SuiteRunner.java:261)
	at org.testng.SuiteRunnerWorker.runSuite(SuiteRunnerWorker.java:52)
	at org.testng.SuiteRunnerWorker.run(SuiteRunnerWorker.java:86)
	at org.testng.TestNG.runSuitesSequentially(TestNG.java:1215)
	at org.testng.TestNG.runSuitesLocally(TestNG.java:1140)
	at org.testng.TestNG.run(TestNG.java:1048)
	at TestRunner.main(TestRunner.java:11)
</pre></div></td>
<td>0</td>
<td>null</td></tr>
</table><p>
</body>
</html>